Using pre-set license
Built from '2022.3/release' branch; Version is '2022.3.20f1 (61c2feb0970d) revision 6406910'; Using compiler version '192829333'; Build Type 'Release'
OS: 'Windows 10  (10.0.19045) 64bit Core' Language: 'pl' Physical Memory: 32728 MB
BatchMode: 1, IsHumanControllingUs: 0, StartBugReporterOnCrash: 0, Is64bit: 1, IsPro: 1

COMMAND LINE ARGUMENTS:
C:\Program Files\Unity\Hub\Editor\2022.3.20f1\Editor\Unity.exe
-adb2
-batchMode
-noUpm
-name
AssetImportWorker0
-projectPath
E:/Projects/Immersion_Piotr_Wolka/Immersion_Piotr_Wolk
-logFile
Logs/AssetImportWorker0.log
-srvPort
53301
Successfully changed project path to: E:/Projects/Immersion_Piotr_Wolka/Immersion_Piotr_Wolk
E:/Projects/Immersion_Piotr_Wolka/Immersion_Piotr_Wolk
[UnityMemory] Configuration Parameters - Can be set up in boot.config
    "memorysetup-bucket-allocator-granularity=16"
    "memorysetup-bucket-allocator-bucket-count=8"
    "memorysetup-bucket-allocator-block-size=33554432"
    "memorysetup-bucket-allocator-block-count=8"
    "memorysetup-main-allocator-block-size=16777216"
    "memorysetup-thread-allocator-block-size=16777216"
    "memorysetup-gfx-main-allocator-block-size=16777216"
    "memorysetup-gfx-thread-allocator-block-size=16777216"
    "memorysetup-cache-allocator-block-size=4194304"
    "memorysetup-typetree-allocator-block-size=2097152"
    "memorysetup-profiler-bucket-allocator-granularity=16"
    "memorysetup-profiler-bucket-allocator-bucket-count=8"
    "memorysetup-profiler-bucket-allocator-block-size=33554432"
    "memorysetup-profiler-bucket-allocator-block-count=8"
    "memorysetup-profiler-allocator-block-size=16777216"
    "memorysetup-profiler-editor-allocator-block-size=1048576"
    "memorysetup-temp-allocator-size-main=16777216"
    "memorysetup-job-temp-allocator-block-size=2097152"
    "memorysetup-job-temp-allocator-block-size-background=1048576"
    "memorysetup-job-temp-allocator-reduction-small-platforms=262144"
    "memorysetup-allocator-temp-initial-block-size-main=262144"
    "memorysetup-allocator-temp-initial-block-size-worker=262144"
    "memorysetup-temp-allocator-size-background-worker=32768"
    "memorysetup-temp-allocator-size-job-worker=262144"
    "memorysetup-temp-allocator-size-preload-manager=33554432"
    "memorysetup-temp-allocator-size-nav-mesh-worker=65536"
    "memorysetup-temp-allocator-size-audio-worker=65536"
    "memorysetup-temp-allocator-size-cloud-worker=32768"
    "memorysetup-temp-allocator-size-gi-baking-worker=262144"
    "memorysetup-temp-allocator-size-gfx=262144"
Player connection [30116] Host "[IP] 192.168.0.10 [Port] 0 [Flags] 2 [Guid] 1299394738 [EditorId] 1299394738 [Version] 1048832 [Id] WindowsEditor(7,MSI) [Debug] 1 [PackageName] WindowsEditor [ProjectName] Editor" joined multi-casting on [225.0.0.222:54997]...

Player connection [30116] Host "[IP] 192.168.0.10 [Port] 0 [Flags] 2 [Guid] 1299394738 [EditorId] 1299394738 [Version] 1048832 [Id] WindowsEditor(7,MSI) [Debug] 1 [PackageName] WindowsEditor [ProjectName] Editor" joined alternative multi-casting on [225.0.0.222:34997]...

[Physics::Module] Initialized MultithreadedJobDispatcher with 7 workers.
Refreshing native plugins compatible for Editor in 14.34 ms, found 3 plugins.
Preloading 0 native plugins for Editor in 0.00 ms.
Initialize engine version: 2022.3.20f1 (61c2feb0970d)
[Subsystems] Discovering subsystems at path C:/Program Files/Unity/Hub/Editor/2022.3.20f1/Editor/Data/Resources/UnitySubsystems
[Subsystems] Discovering subsystems at path E:/Projects/Immersion_Piotr_Wolka/Immersion_Piotr_Wolk/Assets
GfxDevice: creating device client; threaded=0; jobified=0
Direct3D:
    Version:  Direct3D 11.0 [level 11.1]
    Renderer: NVIDIA GeForce GTX 1080 (ID=0x1be0)
    Vendor:   NVIDIA
    VRAM:     8072 MB
    Driver:   31.0.15.2824
Initialize mono
Mono path[0] = 'C:/Program Files/Unity/Hub/Editor/2022.3.20f1/Editor/Data/Managed'
Mono path[1] = 'C:/Program Files/Unity/Hub/Editor/2022.3.20f1/Editor/Data/MonoBleedingEdge/lib/mono/unityjit-win32'
Mono config path = 'C:/Program Files/Unity/Hub/Editor/2022.3.20f1/Editor/Data/MonoBleedingEdge/etc'
Using monoOptions --debugger-agent=transport=dt_socket,embedding=1,server=y,suspend=n,address=127.0.0.1:56800
Begin MonoManager ReloadAssembly
Registering precompiled unity dll's ...
Register platform support module: C:/Program Files/Unity/Hub/Editor/2022.3.20f1/Editor/Data/PlaybackEngines/WebGLSupport/UnityEditor.WebGL.Extensions.dll
Register platform support module: C:/Program Files/Unity/Hub/Editor/2022.3.20f1/Editor/Data/PlaybackEngines/AndroidPlayer/UnityEditor.Android.Extensions.dll
Register platform support module: C:/Program Files/Unity/Hub/Editor/2022.3.20f1/Editor/Data/PlaybackEngines/iOSSupport/UnityEditor.iOS.Extensions.dll
Register platform support module: C:/Program Files/Unity/Hub/Editor/2022.3.20f1/Editor/Data/PlaybackEngines/WindowsStandaloneSupport/UnityEditor.WindowsStandalone.Extensions.dll
Registered in 0.032615 seconds.
- Loaded All Assemblies, in  0.639 seconds
Native extension for WindowsStandalone target not found
[usbmuxd] Start listen thread
[usbmuxd] Listen thread started
Native extension for iOS target not found
Native extension for Android target not found
Android Extension - Scanning For ADB Devices 594 ms
Native extension for WebGL target not found
Mono: successfully reloaded assembly
- Finished resetting the current domain, in  1.099 seconds
Domain Reload Profiling: 1734ms
	BeginReloadAssembly (203ms)
		ExecutionOrderSort (0ms)
		DisableScriptedObjects (0ms)
		BackupInstance (0ms)
		ReleaseScriptingObjects (0ms)
		CreateAndSetChildDomain (1ms)
	RebuildCommonClasses (49ms)
	RebuildNativeTypeToScriptingClass (15ms)
	initialDomainReloadingComplete (117ms)
	LoadAllAssembliesAndSetupDomain (250ms)
		LoadAssemblies (200ms)
		RebuildTransferFunctionScriptingTraits (0ms)
		AnalyzeDomain (245ms)
			TypeCache.Refresh (243ms)
				TypeCache.ScanAssembly (224ms)
			ScanForSourceGeneratedMonoScriptInfo (1ms)
			ResolveRequiredComponents (1ms)
	FinalizeReload (1100ms)
		ReleaseScriptCaches (0ms)
		RebuildScriptCaches (0ms)
		SetupLoadedEditorAssemblies (1017ms)
			LogAssemblyErrors (0ms)
			InitializePlatformSupportModulesInManaged (790ms)
			SetLoadedEditorAssemblies (6ms)
			RefreshPlugins (0ms)
			BeforeProcessingInitializeOnLoad (4ms)
			ProcessInitializeOnLoadAttributes (155ms)
			ProcessInitializeOnLoadMethodAttributes (62ms)
			AfterProcessingInitializeOnLoad (0ms)
			EditorAssembliesLoaded (0ms)
		ExecutionOrderSort2 (0ms)
		AwakeInstancesAfterBackupRestoration (0ms)
========================================================================
Worker process is ready to serve import requests
Begin MonoManager ReloadAssembly
- Loaded All Assemblies, in  1.344 seconds
Refreshing native plugins compatible for Editor in 6.04 ms, found 3 plugins.
Native extension for WindowsStandalone target not found
Native extension for iOS target not found
Native extension for Android target not found
Native extension for WebGL target not found
Mono: successfully reloaded assembly
- Finished resetting the current domain, in  1.373 seconds
Domain Reload Profiling: 2710ms
	BeginReloadAssembly (228ms)
		ExecutionOrderSort (0ms)
		DisableScriptedObjects (9ms)
		BackupInstance (0ms)
		ReleaseScriptingObjects (0ms)
		CreateAndSetChildDomain (32ms)
	RebuildCommonClasses (66ms)
	RebuildNativeTypeToScriptingClass (18ms)
	initialDomainReloadingComplete (73ms)
	LoadAllAssembliesAndSetupDomain (951ms)
		LoadAssemblies (631ms)
		RebuildTransferFunctionScriptingTraits (0ms)
		AnalyzeDomain (459ms)
			TypeCache.Refresh (407ms)
				TypeCache.ScanAssembly (380ms)
			ScanForSourceGeneratedMonoScriptInfo (35ms)
			ResolveRequiredComponents (15ms)
	FinalizeReload (1374ms)
		ReleaseScriptCaches (0ms)
		RebuildScriptCaches (0ms)
		SetupLoadedEditorAssemblies (1089ms)
			LogAssemblyErrors (0ms)
			InitializePlatformSupportModulesInManaged (74ms)
			SetLoadedEditorAssemblies (8ms)
			RefreshPlugins (0ms)
			BeforeProcessingInitializeOnLoad (207ms)
			ProcessInitializeOnLoadAttributes (684ms)
			ProcessInitializeOnLoadMethodAttributes (96ms)
			AfterProcessingInitializeOnLoad (19ms)
			EditorAssembliesLoaded (0ms)
		ExecutionOrderSort2 (0ms)
		AwakeInstancesAfterBackupRestoration (7ms)
Launched and connected shader compiler UnityShaderCompiler.exe after 0.10 seconds
Refreshing native plugins compatible for Editor in 8.03 ms, found 3 plugins.
Preloading 0 native plugins for Editor in 0.00 ms.
Unloading 5448 Unused Serialized files (Serialized files now loaded: 0)
Unloading 68 unused Assets / (351.1 KB). Loaded Objects now: 5905.
Memory consumption went from 222.3 MB to 221.9 MB.
Total: 7.267200 ms (FindLiveObjects: 0.612600 ms CreateObjectMapping: 0.593700 ms MarkObjects: 5.402400 ms  DeleteObjects: 0.656600 ms)

AssetImportParameters requested are different than current active one (requested -> active):
  custom:container-demuxer-ogg: 62fdf1f143b41e24485cea50d1cbac27 -> 
  custom:video-codec-MediaFoundation-h265: 746d11721c4dcdbdad8f713fa42b33f4 -> 
  custom:video-decoder-ogg-theora: a1e56fd34408186e4bbccfd4996cb3dc -> 
  custom:framework-win-MediaFoundation: 216162199b28c13a410421893ffa2e32 -> 
  custom:CustomObjectIndexerAttribute: 62b5816608c3102f162a1797e29626cf -> 
  custom:container-demuxer-webm: 4f35f7cbe854078d1ac9338744f61a02 -> 
  custom:container-muxer-webm: aa71ff27fc2769a1b78a27578f13a17b -> 
  custom:video-decoder-webm-vp8: 9c59270c3fd7afecdb556c50c9e8de78 -> 
  custom:SearchIndexIgnoredProperties: e643bd26f0fe6173181afceb89e7c659 -> 
  custom:AudioImporter_EditorPlatform: d09bf68614088b80899f8185d706f6e7 -> 
  custom:video-encoder-webm-vp8: eb34c28f22e8b96e1ab97ce403110664 -> 
  custom:audio-decoder-ogg-vorbis: bf7c407c2cedff20999df2af8eb42d56 -> 
  custom:audio-encoder-webm-vorbis: bf7c407c2cedff20999df2af8eb42d56 -> 
========================================================================
Received Import Request.
  Time since last request: 135221.505402 seconds.
  path: Assets/Scripts/Controllers
  artifactKey: Guid(5f538d38026fffe46b57b98621e0e5c1) Importer(815301076,1909f56bfc062723c751e8b465ee728b)
Start importing Assets/Scripts/Controllers using Guid(5f538d38026fffe46b57b98621e0e5c1) Importer(815301076,1909f56bfc062723c751e8b465ee728b)  -> (artifact id: '9689a37fb358d7d250afe0971d07d660') in 0.004039 seconds
Number of updated asset objects reloaded before import = 0
Number of asset objects unloaded after import = 0
========================================================================
Received Import Request.
  Time since last request: 0.000043 seconds.
  path: Assets/Scripts/Installers/GameLifecycleInstaller.cs
  artifactKey: Guid(5916df709938e3f40bdfb93d07ff05cb) Importer(815301076,1909f56bfc062723c751e8b465ee728b)
Start importing Assets/Scripts/Installers/GameLifecycleInstaller.cs using Guid(5916df709938e3f40bdfb93d07ff05cb) Importer(815301076,1909f56bfc062723c751e8b465ee728b)  -> (artifact id: 'e0662156078e8d5e15d6373accaaa9e1') in 0.000783 seconds
Number of updated asset objects reloaded before import = 0
Number of asset objects unloaded after import = 0
========================================================================
Received Import Request.
  Time since last request: 0.546502 seconds.
  path: Assets/Scripts/Interfaces/IWeapon.cs
  artifactKey: Guid(1ae88f0103a921245a1ff423722a8778) Importer(815301076,1909f56bfc062723c751e8b465ee728b)
Start importing Assets/Scripts/Interfaces/IWeapon.cs using Guid(1ae88f0103a921245a1ff423722a8778) Importer(815301076,1909f56bfc062723c751e8b465ee728b)  -> (artifact id: '44a6cbd3288d611d4e37e269cb3806d8') in 0.000587 seconds
Number of updated asset objects reloaded before import = 0
Number of asset objects unloaded after import = 0
========================================================================
Received Import Request.
  Time since last request: 0.748298 seconds.
  path: Assets/Scripts/Interfaces/IRotatable.cs
  artifactKey: Guid(9545c275b43fb0645b81c3cafc1fc208) Importer(815301076,1909f56bfc062723c751e8b465ee728b)
Start importing Assets/Scripts/Interfaces/IRotatable.cs using Guid(9545c275b43fb0645b81c3cafc1fc208) Importer(815301076,1909f56bfc062723c751e8b465ee728b)  -> (artifact id: '67d2af6f3c53e4c0436aa1a309b5e4df') in 0.000760 seconds
Number of updated asset objects reloaded before import = 0
Number of asset objects unloaded after import = 0
========================================================================
Received Import Request.
  Time since last request: 0.591151 seconds.
  path: Assets/Scripts/Interfaces/IProjectile.cs
  artifactKey: Guid(2d122cd4fc5474849b093d0abaedc730) Importer(815301076,1909f56bfc062723c751e8b465ee728b)
Start importing Assets/Scripts/Interfaces/IProjectile.cs using Guid(2d122cd4fc5474849b093d0abaedc730) Importer(815301076,1909f56bfc062723c751e8b465ee728b)  -> (artifact id: '745a33ae40be6db400feb9bf951d795c') in 0.000923 seconds
Number of updated asset objects reloaded before import = 0
Number of asset objects unloaded after import = 0
========================================================================
Received Import Request.
  Time since last request: 0.475807 seconds.
  path: Assets/Scripts/Interfaces/IMovementBehaviour.cs
  artifactKey: Guid(69663f9b1258ae9479cc295202c50c1f) Importer(815301076,1909f56bfc062723c751e8b465ee728b)
Start importing Assets/Scripts/Interfaces/IMovementBehaviour.cs using Guid(69663f9b1258ae9479cc295202c50c1f) Importer(815301076,1909f56bfc062723c751e8b465ee728b)  -> (artifact id: 'ea912dec3af03309b77d3f1ac9d7d061') in 0.000593 seconds
Number of updated asset objects reloaded before import = 0
Number of asset objects unloaded after import = 0
========================================================================
Received Import Request.
  Time since last request: 0.530595 seconds.
  path: Assets/Scripts/Interfaces/IMovable.cs
  artifactKey: Guid(c9445348725aba74685373a0d286d9dc) Importer(815301076,1909f56bfc062723c751e8b465ee728b)
Start importing Assets/Scripts/Interfaces/IMovable.cs using Guid(c9445348725aba74685373a0d286d9dc) Importer(815301076,1909f56bfc062723c751e8b465ee728b)  -> (artifact id: '83df5ab551f59eb39dcba62a04b24459') in 0.000527 seconds
Number of updated asset objects reloaded before import = 0
Number of asset objects unloaded after import = 0
========================================================================
Received Import Request.
  Time since last request: 0.752628 seconds.
  path: Assets/Scripts/Interfaces/IInputController.cs
  artifactKey: Guid(14944d0d05632e744877b383afa8dd90) Importer(815301076,1909f56bfc062723c751e8b465ee728b)
Start importing Assets/Scripts/Interfaces/IInputController.cs using Guid(14944d0d05632e744877b383afa8dd90) Importer(815301076,1909f56bfc062723c751e8b465ee728b)  -> (artifact id: 'ce50549238766f13394c7a0ceab52180') in 0.000563 seconds
Number of updated asset objects reloaded before import = 0
Number of asset objects unloaded after import = 0
========================================================================
Received Import Request.
  Time since last request: 0.296346 seconds.
  path: Assets/Scripts/Interfaces/IDamageable.cs
  artifactKey: Guid(bbe7865d37582f44482599dc2a83ebd5) Importer(815301076,1909f56bfc062723c751e8b465ee728b)
Start importing Assets/Scripts/Interfaces/IDamageable.cs using Guid(bbe7865d37582f44482599dc2a83ebd5) Importer(815301076,1909f56bfc062723c751e8b465ee728b)  -> (artifact id: '337788105bed76b40af244444ab71e3d') in 0.000647 seconds
Number of updated asset objects reloaded before import = 0
Number of asset objects unloaded after import = 0
========================================================================
Received Import Request.
  Time since last request: 0.819728 seconds.
  path: Assets/Scripts/Interfaces/IActionContext.cs
  artifactKey: Guid(4367ce20deba4474e8d5eb494475aae6) Importer(815301076,1909f56bfc062723c751e8b465ee728b)
Start importing Assets/Scripts/Interfaces/IActionContext.cs using Guid(4367ce20deba4474e8d5eb494475aae6) Importer(815301076,1909f56bfc062723c751e8b465ee728b)  -> (artifact id: '7ca2e2fae65b3f25e333b48d481d9e44') in 0.000645 seconds
Number of updated asset objects reloaded before import = 0
Number of asset objects unloaded after import = 0
========================================================================
Received Import Request.
  Time since last request: 1.983715 seconds.
  path: Assets/Scripts/Projectiles
  artifactKey: Guid(cbd249b44f4d0ff4c850e2e5450149fe) Importer(815301076,1909f56bfc062723c751e8b465ee728b)
Start importing Assets/Scripts/Projectiles using Guid(cbd249b44f4d0ff4c850e2e5450149fe) Importer(815301076,1909f56bfc062723c751e8b465ee728b)  -> (artifact id: 'fd3d0e96e1fc1258a0fbdf80633729dd') in 0.000545 seconds
Number of updated asset objects reloaded before import = 0
Number of asset objects unloaded after import = 0
========================================================================
Received Import Request.
  Time since last request: 0.998126 seconds.
  path: Assets/Scripts/Projectiles/SingleTargetProjectile.cs
  artifactKey: Guid(0c2840e7ad3798847af01fb91a6467fc) Importer(815301076,1909f56bfc062723c751e8b465ee728b)
Start importing Assets/Scripts/Projectiles/SingleTargetProjectile.cs using Guid(0c2840e7ad3798847af01fb91a6467fc) Importer(815301076,1909f56bfc062723c751e8b465ee728b)  -> (artifact id: '81281cd14b393a3dbc619c976590b9b8') in 0.000696 seconds
Number of updated asset objects reloaded before import = 0
Number of asset objects unloaded after import = 0
========================================================================
Received Import Request.
  Time since last request: 2.510156 seconds.
  path: Assets/Scripts/Projectiles/ProjectileBase.cs
  artifactKey: Guid(77958b302f727c64aa69a97bec471b9a) Importer(815301076,1909f56bfc062723c751e8b465ee728b)
Start importing Assets/Scripts/Projectiles/ProjectileBase.cs using Guid(77958b302f727c64aa69a97bec471b9a) Importer(815301076,1909f56bfc062723c751e8b465ee728b)  -> (artifact id: '192e362f9f512e17335d700ac7f26a83') in 0.000534 seconds
Number of updated asset objects reloaded before import = 0
Number of asset objects unloaded after import = 0
========================================================================
Received Import Request.
  Time since last request: 4.092107 seconds.
  path: Assets/Scripts/States
  artifactKey: Guid(a3564ced2821cfa4781be9847815a3cb) Importer(815301076,1909f56bfc062723c751e8b465ee728b)
Start importing Assets/Scripts/States using Guid(a3564ced2821cfa4781be9847815a3cb) Importer(815301076,1909f56bfc062723c751e8b465ee728b)  -> (artifact id: 'bcb5e2b3ef607cb4827782e4ef3edb7d') in 0.000566 seconds
Number of updated asset objects reloaded before import = 0
Number of asset objects unloaded after import = 0
========================================================================
Received Import Request.
  Time since last request: 1.014604 seconds.
  path: Assets/Scripts/States/CharacterStates
  artifactKey: Guid(71e813f16ecaeff4e84435d768886e2e) Importer(815301076,1909f56bfc062723c751e8b465ee728b)
Start importing Assets/Scripts/States/CharacterStates using Guid(71e813f16ecaeff4e84435d768886e2e) Importer(815301076,1909f56bfc062723c751e8b465ee728b)  -> (artifact id: 'd857979e68f7a31f556afabff0d32c6b') in 0.000759 seconds
Number of updated asset objects reloaded before import = 0
Number of asset objects unloaded after import = 0
========================================================================
Received Import Request.
  Time since last request: 0.710426 seconds.
  path: Assets/Scripts/States/CharacterStates/Enemy
  artifactKey: Guid(13e1fa5c03449cc468712b38a9dd4e6a) Importer(815301076,1909f56bfc062723c751e8b465ee728b)
Start importing Assets/Scripts/States/CharacterStates/Enemy using Guid(13e1fa5c03449cc468712b38a9dd4e6a) Importer(815301076,1909f56bfc062723c751e8b465ee728b)  -> (artifact id: 'c228789eb124bf7cea476794d214a7d7') in 0.000582 seconds
Number of updated asset objects reloaded before import = 0
Number of asset objects unloaded after import = 0
========================================================================
Received Import Request.
  Time since last request: 0.552107 seconds.
  path: Assets/Scripts/States/CharacterStates/Player
  artifactKey: Guid(09eda1889870f8f43b5b3361e165138e) Importer(815301076,1909f56bfc062723c751e8b465ee728b)
Start importing Assets/Scripts/States/CharacterStates/Player using Guid(09eda1889870f8f43b5b3361e165138e) Importer(815301076,1909f56bfc062723c751e8b465ee728b)  -> (artifact id: '482c7708756bf72f889748feae502a37') in 0.000576 seconds
Number of updated asset objects reloaded before import = 0
Number of asset objects unloaded after import = 0
========================================================================
Received Import Request.
  Time since last request: 0.414091 seconds.
  path: Assets/Scripts/States/CharacterStates/Player/MovementInputCharacterState.cs
  artifactKey: Guid(db241b1dccd7e8943bcec2e3a329d375) Importer(815301076,1909f56bfc062723c751e8b465ee728b)
Start importing Assets/Scripts/States/CharacterStates/Player/MovementInputCharacterState.cs using Guid(db241b1dccd7e8943bcec2e3a329d375) Importer(815301076,1909f56bfc062723c751e8b465ee728b)  -> (artifact id: '6d20d9d857558e8729ca8c3f22cbd228') in 0.000558 seconds
Number of updated asset objects reloaded before import = 0
Number of asset objects unloaded after import = 0
========================================================================
Received Import Request.
  Time since last request: 4.537302 seconds.
  path: Assets/Scripts/States/CharacterStates/Player/JumpCharacterState.cs
  artifactKey: Guid(3ba5e22411fe1fa46a4061291b0a13c1) Importer(815301076,1909f56bfc062723c751e8b465ee728b)
Start importing Assets/Scripts/States/CharacterStates/Player/JumpCharacterState.cs using Guid(3ba5e22411fe1fa46a4061291b0a13c1) Importer(815301076,1909f56bfc062723c751e8b465ee728b)  -> (artifact id: '477f2e60422861b767b605866ce1c406') in 0.000571 seconds
Number of updated asset objects reloaded before import = 0
Number of asset objects unloaded after import = 0
========================================================================
Received Import Request.
  Time since last request: 0.902666 seconds.
  path: Assets/Scripts/States/CharacterStates/Player/PlayerStateController.cs
  artifactKey: Guid(dc18e0be47ab7a9468895a3f4c1580a6) Importer(815301076,1909f56bfc062723c751e8b465ee728b)
Start importing Assets/Scripts/States/CharacterStates/Player/PlayerStateController.cs using Guid(dc18e0be47ab7a9468895a3f4c1580a6) Importer(815301076,1909f56bfc062723c751e8b465ee728b)  -> (artifact id: '1f348e53b114d4b364e4a38d09fcf32b') in 0.000782 seconds
Number of updated asset objects reloaded before import = 0
Number of asset objects unloaded after import = 0
========================================================================
Received Import Request.
  Time since last request: 491.158185 seconds.
  path: Assets/Scripts/States/CharacterStates/Player/InputCharacterState.cs
  artifactKey: Guid(d02ecd60fe590ef42996de0e3a584172) Importer(815301076,1909f56bfc062723c751e8b465ee728b)
Start importing Assets/Scripts/States/CharacterStates/Player/InputCharacterState.cs using Guid(d02ecd60fe590ef42996de0e3a584172) Importer(815301076,1909f56bfc062723c751e8b465ee728b)  -> (artifact id: 'fc070a7554d77542317fe14bb6bbb0c8') in 0.000935 seconds
Number of updated asset objects reloaded before import = 0
Number of asset objects unloaded after import = 0
